[debug] [2025-07-26T20:13:38.576Z] ----------------------------------------------------------------------
[debug] [2025-07-26T20:13:38.580Z] Command:       C:\Program Files\nodejs\node.exe C:\Users\HP\AppData\Roaming\npm\node_modules\firebase-tools\lib\bin\firebase.js init
[debug] [2025-07-26T20:13:38.582Z] CLI Version:   14.11.1
[debug] [2025-07-26T20:13:38.582Z] Platform:      win32
[debug] [2025-07-26T20:13:38.583Z] Node Version:  v21.7.2
[debug] [2025-07-26T20:13:38.583Z] Time:          Sun Jul 27 2025 01:43:38 GMT+0530 (India Standard Time)
[debug] [2025-07-26T20:13:38.584Z] ----------------------------------------------------------------------
[debug] 
[debug] [2025-07-26T20:13:38.588Z] >>> [apiv2][query] GET https://firebase-public.firebaseio.com/cli.json [none]
[debug] [2025-07-26T20:13:38.656Z] > command requires scopes: ["email","openid","https://www.googleapis.com/auth/cloudplatformprojects.readonly","https://www.googleapis.com/auth/firebase","https://www.googleapis.com/auth/cloud-platform"]
[debug] [2025-07-26T20:13:38.657Z] > authorizing via signed-in user (nikhilshimpy712@gmail.com)
[info] 
     ######## #### ########  ######## ########     ###     ######  ########
     ##        ##  ##     ## ##       ##     ##  ##   ##  ##       ##
     ######    ##  ########  ######   ########  #########  ######  ######
     ##        ##  ##    ##  ##       ##     ## ##     ##       ## ##
     ##       #### ##     ## ######## ########  ##     ##  ######  ########

You're about to initialize a Firebase project in this directory:

  C:\Users\HP\OneDrive\Desktop\StreetConnect

[debug] [2025-07-26T20:13:39.562Z] <<< [apiv2][status] GET https://firebase-public.firebaseio.com/cli.json 200
[debug] [2025-07-26T20:13:39.563Z] <<< [apiv2][body] GET https://firebase-public.firebaseio.com/cli.json {"cloudBuildErrorAfter":1594252800000,"cloudBuildWarnAfter":1590019200000,"defaultNode10After":1594252800000,"minVersion":"3.0.5","node8DeploysDisabledAfter":1613390400000,"node8RuntimeDisabledAfter":1615809600000,"node8WarnAfter":1600128000000}
[info] 
=== Project Setup
[info] 
[info] First, let's associate this project directory with a Firebase project.
[info] You can create multiple project aliases by running firebase use --add, 
[info] but for now we'll just set up a default project.
[info] 
[debug] [2025-07-26T20:15:16.030Z] Checked if tokens are valid: false, expires at: 1712357258553
[debug] [2025-07-26T20:15:16.031Z] Checked if tokens are valid: false, expires at: 1712357258553
[debug] [2025-07-26T20:15:16.031Z] > refreshing access token with scopes: []
[debug] [2025-07-26T20:15:16.033Z] >>> [apiv2][query] POST https://www.googleapis.com/oauth2/v3/token [none]
[debug] [2025-07-26T20:15:16.033Z] >>> [apiv2][body] POST https://www.googleapis.com/oauth2/v3/token [omitted]
[debug] [2025-07-26T20:15:16.454Z] <<< [apiv2][status] POST https://www.googleapis.com/oauth2/v3/token 400
[debug] [2025-07-26T20:15:16.454Z] <<< [apiv2][body] POST https://www.googleapis.com/oauth2/v3/token [omitted]
[debug] [2025-07-26T20:15:16.455Z] >>> [apiv2][query] GET https://firebase.googleapis.com/v1beta1/projects pageSize=100
[debug] [2025-07-26T20:15:17.146Z] <<< [apiv2][status] GET https://firebase.googleapis.com/v1beta1/projects 401
[debug] [2025-07-26T20:15:17.146Z] <<< [apiv2][body] GET https://firebase.googleapis.com/v1beta1/projects [omitted]
[debug] [2025-07-26T20:15:17.146Z] Got a 401 Unauthenticated error for a call that required authentication. Refreshing tokens.
[debug] [2025-07-26T20:15:17.147Z] Checked if tokens are valid: false, expires at: 1712357258553
[debug] [2025-07-26T20:15:17.147Z] Checked if tokens are valid: false, expires at: 1712357258553
[debug] [2025-07-26T20:15:17.147Z] > refreshing access token with scopes: []
[debug] [2025-07-26T20:15:17.148Z] >>> [apiv2][query] POST https://www.googleapis.com/oauth2/v3/token [none]
[debug] [2025-07-26T20:15:17.148Z] >>> [apiv2][body] POST https://www.googleapis.com/oauth2/v3/token [omitted]
[debug] [2025-07-26T20:15:17.350Z] <<< [apiv2][status] POST https://www.googleapis.com/oauth2/v3/token 400
[debug] [2025-07-26T20:15:17.351Z] <<< [apiv2][body] POST https://www.googleapis.com/oauth2/v3/token [omitted]
[debug] [2025-07-26T20:15:17.352Z] Request to https://firebase.googleapis.com/v1beta1/projects?pageSize=100 had HTTP Error: 401, Request had invalid authentication credentials. Expected OAuth 2 access token, login cookie or other valid authentication credential. See https://developers.google.com/identity/sign-in/web/devconsole-project.
[debug] [2025-07-26T20:15:17.963Z] FirebaseError: Request to https://firebase.googleapis.com/v1beta1/projects?pageSize=100 had HTTP Error: 401, Request had invalid authentication credentials. Expected OAuth 2 access token, login cookie or other valid authentication credential. See https://developers.google.com/identity/sign-in/web/devconsole-project.
    at responseToError (C:\Users\HP\AppData\Roaming\npm\node_modules\firebase-tools\lib\responseToError.js:52:12)
    at RetryOperation._fn (C:\Users\HP\AppData\Roaming\npm\node_modules\firebase-tools\lib\apiv2.js:312:77)
    at process.processTicksAndRejections (node:internal/process/task_queues:95:5)
[error] 
[error] Error: Failed to list Firebase projects. See firebase-debug.log for more info.
[debug] [2025-07-26T20:15:27.939Z] ----------------------------------------------------------------------
[debug] [2025-07-26T20:15:27.942Z] Command:       C:\Program Files\nodejs\node.exe C:\Users\HP\AppData\Roaming\npm\node_modules\firebase-tools\lib\bin\firebase.js init
[debug] [2025-07-26T20:15:27.943Z] CLI Version:   14.11.1
[debug] [2025-07-26T20:15:27.943Z] Platform:      win32
[debug] [2025-07-26T20:15:27.943Z] Node Version:  v21.7.2
[debug] [2025-07-26T20:15:27.943Z] Time:          Sun Jul 27 2025 01:45:27 GMT+0530 (India Standard Time)
[debug] [2025-07-26T20:15:27.944Z] ----------------------------------------------------------------------
[debug] 
[debug] [2025-07-26T20:15:27.956Z] > command requires scopes: ["email","openid","https://www.googleapis.com/auth/cloudplatformprojects.readonly","https://www.googleapis.com/auth/firebase","https://www.googleapis.com/auth/cloud-platform"]
[debug] [2025-07-26T20:15:27.956Z] > authorizing via signed-in user (nikhilshimpy712@gmail.com)
[info] 
     ######## #### ########  ######## ########     ###     ######  ########
     ##        ##  ##     ## ##       ##     ##  ##   ##  ##       ##
     ######    ##  ########  ######   ########  #########  ######  ######
     ##        ##  ##    ##  ##       ##     ## ##     ##       ## ##
     ##       #### ##     ## ######## ########  ##     ##  ######  ########

You're about to initialize a Firebase project in this directory:

  C:\Users\HP\OneDrive\Desktop\StreetConnect

[info] 
=== Project Setup
[info] 
[info] First, let's associate this project directory with a Firebase project.
[info] You can create multiple project aliases by running firebase use --add, 
[info] but for now we'll just set up a default project.
[info] 
[debug] [2025-07-26T20:15:54.825Z] Checked if tokens are valid: false, expires at: 1712357258553
[debug] [2025-07-26T20:15:54.826Z] Checked if tokens are valid: false, expires at: 1712357258553
[debug] [2025-07-26T20:15:54.827Z] > refreshing access token with scopes: []
[debug] [2025-07-26T20:15:54.830Z] >>> [apiv2][query] POST https://www.googleapis.com/oauth2/v3/token [none]
[debug] [2025-07-26T20:15:54.830Z] >>> [apiv2][body] POST https://www.googleapis.com/oauth2/v3/token [omitted]
[debug] [2025-07-26T20:15:55.114Z] <<< [apiv2][status] POST https://www.googleapis.com/oauth2/v3/token 400
[debug] [2025-07-26T20:15:55.114Z] <<< [apiv2][body] POST https://www.googleapis.com/oauth2/v3/token [omitted]
[debug] [2025-07-26T20:15:55.115Z] >>> [apiv2][query] GET https://firebase.googleapis.com/v1beta1/projects pageSize=100
[debug] [2025-07-26T20:15:55.645Z] <<< [apiv2][status] GET https://firebase.googleapis.com/v1beta1/projects 401
[debug] [2025-07-26T20:15:55.645Z] <<< [apiv2][body] GET https://firebase.googleapis.com/v1beta1/projects [omitted]
[debug] [2025-07-26T20:15:55.645Z] Got a 401 Unauthenticated error for a call that required authentication. Refreshing tokens.
[debug] [2025-07-26T20:15:55.645Z] Checked if tokens are valid: false, expires at: 1712357258553
[debug] [2025-07-26T20:15:55.645Z] Checked if tokens are valid: false, expires at: 1712357258553
[debug] [2025-07-26T20:15:55.645Z] > refreshing access token with scopes: []
[debug] [2025-07-26T20:15:55.646Z] >>> [apiv2][query] POST https://www.googleapis.com/oauth2/v3/token [none]
[debug] [2025-07-26T20:15:55.646Z] >>> [apiv2][body] POST https://www.googleapis.com/oauth2/v3/token [omitted]
[debug] [2025-07-26T20:15:55.776Z] <<< [apiv2][status] POST https://www.googleapis.com/oauth2/v3/token 400
[debug] [2025-07-26T20:15:55.776Z] <<< [apiv2][body] POST https://www.googleapis.com/oauth2/v3/token [omitted]
[debug] [2025-07-26T20:15:55.777Z] Request to https://firebase.googleapis.com/v1beta1/projects?pageSize=100 had HTTP Error: 401, Request had invalid authentication credentials. Expected OAuth 2 access token, login cookie or other valid authentication credential. See https://developers.google.com/identity/sign-in/web/devconsole-project.
[debug] [2025-07-26T20:15:56.276Z] FirebaseError: Request to https://firebase.googleapis.com/v1beta1/projects?pageSize=100 had HTTP Error: 401, Request had invalid authentication credentials. Expected OAuth 2 access token, login cookie or other valid authentication credential. See https://developers.google.com/identity/sign-in/web/devconsole-project.
    at responseToError (C:\Users\HP\AppData\Roaming\npm\node_modules\firebase-tools\lib\responseToError.js:52:12)
    at RetryOperation._fn (C:\Users\HP\AppData\Roaming\npm\node_modules\firebase-tools\lib\apiv2.js:312:77)
    at process.processTicksAndRejections (node:internal/process/task_queues:95:5)
[error] 
[error] Error: Failed to list Firebase projects. See firebase-debug.log for more info.
